# JRE version: OpenJDK Runtime Environment (11.0.29+7) (build 11.0.29+7-post-Ubuntu-1ubuntu124.04)
# Java VM: OpenJDK 64-Bit Server VM (11.0.29+7-post-Ubuntu-1ubuntu124.04, mixed mode, sharing, tiered, compressed oops, g1 gc, linux-amd64)
Heap:
 garbage-first heap   total 331776K, used 235649K [0x0000000706000000, 0x0000000800000000)
  region size 1024K, 105 young (107520K), 20 survivors (20480K)
 Metaspace       used 18820K, capacity 19438K, committed 19584K, reserved 1067008K
  class space    used 2093K, capacity 2331K, committed 2432K, reserved 1048576K
GC Heap History (20 events):
Event: 20.769 GC heap before
{Heap before GC invocations=15 (full 0):
 garbage-first heap   total 258048K, used 189755K [0x0000000706000000, 0x0000000800000000)
  region size 1024K, 84 young (86016K), 10 survivors (10240K)
 Metaspace       used 13580K, capacity 14218K, committed 14464K, reserved 1062912K
  class space    used 1441K, capacity 1661K, committed 1664K, reserved 1048576K
}
Event: 20.779 GC heap after
{Heap after GC invocations=16 (full 0):
 garbage-first heap   total 258048K, used 119971K [0x0000000706000000, 0x0000000800000000)
  region size 1024K, 6 young (6144K), 6 survivors (6144K)
 Metaspace       used 13580K, capacity 14218K, committed 14464K, reserved 1062912K
  class space    used 1441K, capacity 1661K, committed 1664K, reserved 1048576K
}
Event: 20.963 GC heap before
{Heap before GC invocations=16 (full 0):
 garbage-first heap   total 258048K, used 195747K [0x0000000706000000, 0x0000000800000000)
  region size 1024K, 80 young (81920K), 6 survivors (6144K)
 Metaspace       used 13584K, capacity 14218K, committed 14464K, reserved 1062912K
  class space    used 1441K, capacity 1661K, committed 1664K, reserved 1048576K
}
Event: 20.973 GC heap after
{Heap after GC invocations=17 (full 0):
 garbage-first heap   total 258048K, used 125321K [0x0000000706000000, 0x0000000800000000)
  region size 1024K, 5 young (5120K), 5 survivors (5120K)
 Metaspace       used 13584K, capacity 14218K, committed 14464K, reserved 1062912K
  class space    used 1441K, capacity 1661K, committed 1664K, reserved 1048576K
}
Event: 21.222 GC heap before
{Heap before GC invocations=18 (full 0):
 garbage-first heap   total 258048K, used 160137K [0x0000000706000000, 0x0000000800000000)
  region size 1024K, 79 young (80896K), 5 survivors (5120K)
 Metaspace       used 12201K, capacity 12690K, committed 14464K, reserved 1062912K
  class space    used 1262K, capacity 1424K, committed 1664K, reserved 1048576K
}
Event: 21.231 GC heap after
{Heap after GC invocations=19 (full 0):
 garbage-first heap   total 258048K, used 88256K [0x0000000706000000, 0x0000000800000000)
  region size 1024K, 9 young (9216K), 9 survivors (9216K)
 Metaspace       used 12201K, capacity 12690K, committed 14464K, reserved 1062912K
  class space    used 1262K, capacity 1424K, committed 1664K, reserved 1048576K
}
Event: 21.237 GC heap before
{Heap before GC invocations=19 (full 0):
 garbage-first heap   total 258048K, used 91328K [0x0000000706000000, 0x0000000800000000)
  region size 1024K, 12 young (12288K), 9 survivors (9216K)
 Metaspace       used 12201K, capacity 12690K, committed 14464K, reserved 1062912K
  class space    used 1262K, capacity 1424K, committed 1664K, reserved 1048576K
}
Event: 21.244 GC heap after
{Heap after GC invocations=20 (full 0):
 garbage-first heap   total 258048K, used 83264K [0x0000000706000000, 0x0000000800000000)
  region size 1024K, 2 young (2048K), 2 survivors (2048K)
 Metaspace       used 12201K, capacity 12690K, committed 14464K, reserved 1062912K
  class space    used 1262K, capacity 1424K, committed 1664K, reserved 1048576K
}
Event: 21.512 GC heap before
{Heap before GC invocations=20 (full 0):
 garbage-first heap   total 258048K, used 177472K [0x0000000706000000, 0x0000000800000000)
  region size 1024K, 94 young (96256K), 2 survivors (2048K)
 Metaspace       used 12203K, capacity 12690K, committed 14464K, reserved 1062912K
  class space    used 1262K, capacity 1424K, committed 1664K, reserved 1048576K
}
Event: 21.519 GC heap after
{Heap after GC invocations=21 (full 0):
 garbage-first heap   total 258048K, used 90043K [0x0000000706000000, 0x0000000800000000)
  region size 1024K, 8 young (8192K), 8 survivors (8192K)
 Metaspace       used 12203K, capacity 12690K, committed 14464K, reserved 1062912K
  class space    used 1262K, capacity 1424K, committed 1664K, reserved 1048576K
}
Event: 21.839 GC heap before
{Heap before GC invocations=21 (full 0):
 garbage-first heap   total 258048K, used 200635K [0x0000000706000000, 0x0000000800000000)
  region size 1024K, 116 young (118784K), 8 survivors (8192K)
 Metaspace       used 12203K, capacity 12690K, committed 14464K, reserved 1062912K
  class space    used 1262K, capacity 1424K, committed 1664K, reserved 1048576K
}
Event: 21.848 GC heap after
{Heap after GC invocations=22 (full 0):
 garbage-first heap   total 258048K, used 93731K [0x0000000706000000, 0x0000000800000000)
  region size 1024K, 5 young (5120K), 5 survivors (5120K)
 Metaspace       used 12203K, capacity 12690K, committed 14464K, reserved 1062912K
  class space    used 1262K, capacity 1424K, committed 1664K, reserved 1048576K
}
Event: 22.133 GC heap before
{Heap before GC invocations=22 (full 0):
 garbage-first heap   total 258048K, used 202275K [0x0000000706000000, 0x0000000800000000)
  region size 1024K, 111 young (113664K), 5 survivors (5120K)
 Metaspace       used 12203K, capacity 12690K, committed 14464K, reserved 1062912K
  class space    used 1262K, capacity 1424K, committed 1664K, reserved 1048576K
}
Event: 22.143 GC heap after
{Heap after GC invocations=23 (full 0):
 garbage-first heap   total 331776K, used 100623K [0x0000000706000000, 0x0000000800000000)
  region size 1024K, 12 young (12288K), 12 survivors (12288K)
 Metaspace       used 12203K, capacity 12690K, committed 14464K, reserved 1062912K
  class space    used 1262K, capacity 1424K, committed 1664K, reserved 1048576K
}
Event: 22.535 GC heap before
{Heap before GC invocations=23 (full 0):
 garbage-first heap   total 331776K, used 245007K [0x0000000706000000, 0x0000000800000000)
  region size 1024K, 153 young (156672K), 12 survivors (12288K)
 Metaspace       used 12205K, capacity 12690K, committed 14464K, reserved 1062912K
  class space    used 1262K, capacity 1424K, committed 1664K, reserved 1048576K
}
Event: 22.553 GC heap after
{Heap after GC invocations=24 (full 0):
 garbage-first heap   total 331776K, used 111053K [0x0000000706000000, 0x0000000800000000)
  region size 1024K, 18 young (18432K), 18 survivors (18432K)
 Metaspace       used 12205K, capacity 12690K, committed 14464K, reserved 1062912K
  class space    used 1262K, capacity 1424K, committed 1664K, reserved 1048576K
}
Event: 22.820 GC heap before
{Heap before GC invocations=24 (full 0):
 garbage-first heap   total 331776K, used 256461K [0x0000000706000000, 0x0000000800000000)
  region size 1024K, 160 young (163840K), 18 survivors (18432K)
 Metaspace       used 12205K, capacity 12690K, committed 14464K, reserved 1062912K
  class space    used 1262K, capacity 1424K, committed 1664K, reserved 1048576K
}
Event: 22.836 GC heap after
{Heap after GC invocations=25 (full 0):
 garbage-first heap   total 331776K, used 119533K [0x0000000706000000, 0x0000000800000000)
  region size 1024K, 19 young (19456K), 19 survivors (19456K)
 Metaspace       used 12205K, capacity 12690K, committed 14464K, reserved 1062912K
  class space    used 1262K, capacity 1424K, committed 1664K, reserved 1048576K
}
Event: 27.715 GC heap before
{Heap before GC invocations=25 (full 0):
 garbage-first heap   total 331776K, used 287469K [0x0000000706000000, 0x0000000800000000)
  region size 1024K, 159 young (162816K), 19 survivors (19456K)
 Metaspace       used 12654K, capacity 13165K, committed 14464K, reserved 1062912K
  class space    used 1311K, capacity 1497K, committed 1664K, reserved 1048576K
}
Event: 27.726 GC heap after
{Heap after GC invocations=26 (full 0):
 garbage-first heap   total 331776K, used 140417K [0x0000000706000000, 0x0000000800000000)
  region size 1024K, 20 young (20480K), 20 survivors (20480K)
 Metaspace       used 12654K, capacity 13165K, committed 14464K, reserved 1062912K
  class space    used 1311K, capacity 1497K, committed 1664K, reserved 1048576K
}

